<?xml version="1.0" encoding="UTF-8"?>
<testsuite name="Matrix" tests="4" skipped="0" failures="0" errors="0" timestamp="2022-02-26T14:55:06" hostname="DESKTOP-9D61BQJ" time="0.441">
  <properties/>
  <testcase name="Determinant" classname="Matrix" time="0.42"/>
  <testcase name="Transpose" classname="Matrix" time="0.01"/>
  <testcase name="Inverse" classname="Matrix" time="0.005"/>
  <testcase name="Cofactor" classname="Matrix" time="0.005"/>
  <system-out><![CDATA[]]></system-out>
  <system-err><![CDATA[]]></system-err>
</testsuite>
